<?xml version="1.0" encoding="UTF-8"?>
<coverage generated="1655123411959" clover="3.2.0">
  <project timestamp="1655123411959" name="All files">
    <metrics statements="13" coveredstatements="13" conditionals="5" coveredconditionals="5" methods="5" coveredmethods="5" elements="23" coveredelements="23" complexity="0" loc="13" ncloc="13" packages="1" files="3" classes="3"/>
    <file name="function.js" path="C:\Users\bekat\Project\code\JS-Test\function.js">
      <metrics statements="5" coveredstatements="5" conditionals="0" coveredconditionals="0" methods="3" coveredmethods="3"/>
      <line num="2" count="19" type="stmt"/>
      <line num="4" count="6" type="stmt"/>
      <line num="6" count="19" type="stmt"/>
      <line num="8" count="6" type="stmt"/>
      <line num="20" count="1" type="stmt"/>
    </file>
    <file name="hello.js" path="C:\Users\bekat\Project\code\JS-Test\hello.js">
      <metrics statements="6" coveredstatements="6" conditionals="5" coveredconditionals="5" methods="1" coveredmethods="1"/>
      <line num="2" count="7" type="cond" truecount="2" falsecount="0"/>
      <line num="3" count="1" type="stmt"/>
      <line num="6" count="6" type="cond" truecount="2" falsecount="0"/>
      <line num="7" count="4" type="stmt"/>
      <line num="10" count="2" type="stmt"/>
      <line num="12" count="1" type="stmt"/>
    </file>
    <file name="sum.js" path="C:\Users\bekat\Project\code\JS-Test\sum.js">
      <metrics statements="2" coveredstatements="2" conditionals="0" coveredconditionals="0" methods="1" coveredmethods="1"/>
      <line num="2" count="1" type="stmt"/>
      <line num="4" count="1" type="stmt"/>
    </file>
  </project>
</coverage>
