{"C:\\Users\\bekat\\Project\\code\\JS-Test\\function.js": {"path":"C:\\Users\\bekat\\Project\\code\\JS-Test\\function.js","statementMap":{"0":{"start":{"line":2,"column":16},"end":{"line":2,"column":82}},"1":{"start":{"line":2,"column":49},"end":{"line":2,"column":71}},"2":{"start":{"line":4,"column":22},"end":{"line":4,"column":61}},"3":{"start":{"line":6,"column":16},"end":{"line":6,"column":62}},"4":{"start":{"line":6,"column":42},"end":{"line":6,"column":58}},"5":{"start":{"line":8,"column":4},"end":{"line":8,"column":33}},"6":{"start":{"line":20,"column":0},"end":{"line":20,"column":28}}},"fnMap":{"0":{"name":"findMissing","decl":{"start":{"line":1,"column":9},"end":{"line":1,"column":20}},"loc":{"start":{"line":1,"column":26},"end":{"line":9,"column":1}},"line":1},"1":{"name":"(anonymous_1)","decl":{"start":{"line":2,"column":31},"end":{"line":2,"column":32}},"loc":{"start":{"line":2,"column":49},"end":{"line":2,"column":71}},"line":2},"2":{"name":"(anonymous_2)","decl":{"start":{"line":6,"column":27},"end":{"line":6,"column":28}},"loc":{"start":{"line":6,"column":42},"end":{"line":6,"column":58}},"line":6}},"branchMap":{},"s":{"0":6,"1":19,"2":6,"3":6,"4":19,"5":6,"6":1},"f":{"0":6,"1":19,"2":19},"b":{},"_coverageSchema":"1a1c01bbd47fc00a2c39e90264f33305004495a9","hash":"b39c9b33a843e04776d44fdd7455a37a43ae55d7"}
,"C:\\Users\\bekat\\Project\\code\\JS-Test\\hello.js": {"path":"C:\\Users\\bekat\\Project\\code\\JS-Test\\hello.js","statementMap":{"0":{"start":{"line":2,"column":4},"end":{"line":4,"column":5}},"1":{"start":{"line":3,"column":8},"end":{"line":3,"column":25}},"2":{"start":{"line":6,"column":4},"end":{"line":8,"column":5}},"3":{"start":{"line":7,"column":8},"end":{"line":7,"column":24}},"4":{"start":{"line":10,"column":4},"end":{"line":10,"column":33}},"5":{"start":{"line":12,"column":0},"end":{"line":12,"column":22}}},"fnMap":{"0":{"name":"Hello","decl":{"start":{"line":1,"column":9},"end":{"line":1,"column":14}},"loc":{"start":{"line":1,"column":26},"end":{"line":11,"column":1}},"line":1}},"branchMap":{"0":{"loc":{"start":{"line":1,"column":15},"end":{"line":1,"column":24}},"type":"default-arg","locations":[{"start":{"line":1,"column":22},"end":{"line":1,"column":24}}],"line":1},"1":{"loc":{"start":{"line":2,"column":4},"end":{"line":4,"column":5}},"type":"if","locations":[{"start":{"line":2,"column":4},"end":{"line":4,"column":5}},{"start":{},"end":{}}],"line":2},"2":{"loc":{"start":{"line":6,"column":4},"end":{"line":8,"column":5}},"type":"if","locations":[{"start":{"line":6,"column":4},"end":{"line":8,"column":5}},{"start":{},"end":{}}],"line":6}},"s":{"0":7,"1":1,"2":6,"3":4,"4":2,"5":1},"f":{"0":7},"b":{"0":[1],"1":[1,6],"2":[4,2]},"_coverageSchema":"1a1c01bbd47fc00a2c39e90264f33305004495a9","hash":"0d4c48ec2b607117eb7fe43db4882c4c0759ec92"}
,"C:\\Users\\bekat\\Project\\code\\JS-Test\\smileys.js": {"path":"C:\\Users\\bekat\\Project\\code\\JS-Test\\smileys.js","statementMap":{"0":{"start":{"line":2,"column":4},"end":{"line":2,"column":72}},"1":{"start":{"line":2,"column":31},"end":{"line":2,"column":63}},"2":{"start":{"line":4,"column":1},"end":{"line":4,"column":31}}},"fnMap":{"0":{"name":"countSmileys","decl":{"start":{"line":1,"column":9},"end":{"line":1,"column":21}},"loc":{"start":{"line":1,"column":27},"end":{"line":3,"column":2}},"line":1},"1":{"name":"(anonymous_1)","decl":{"start":{"line":2,"column":22},"end":{"line":2,"column":23}},"loc":{"start":{"line":2,"column":31},"end":{"line":2,"column":63}},"line":2}},"branchMap":{},"s":{"0":5,"1":20,"2":1},"f":{"0":5,"1":20},"b":{},"_coverageSchema":"1a1c01bbd47fc00a2c39e90264f33305004495a9","hash":"353f993997377f5423997b47b53af4e6100d1c28"}
,"C:\\Users\\bekat\\Project\\code\\JS-Test\\sum.js": {"path":"C:\\Users\\bekat\\Project\\code\\JS-Test\\sum.js","statementMap":{"0":{"start":{"line":2,"column":4},"end":{"line":2,"column":17}},"1":{"start":{"line":4,"column":0},"end":{"line":4,"column":21}}},"fnMap":{"0":{"name":"sum","decl":{"start":{"line":1,"column":9},"end":{"line":1,"column":12}},"loc":{"start":{"line":1,"column":19},"end":{"line":3,"column":3}},"line":1}},"branchMap":{},"s":{"0":1,"1":1},"f":{"0":1},"b":{},"_coverageSchema":"1a1c01bbd47fc00a2c39e90264f33305004495a9","hash":"3839db597fd342d2b7b28bf85df4d4ce2f86ae76"}
}
