TN:
SF:function.js
FN:1,findMissing
FN:2,(anonymous_1)
FN:6,(anonymous_2)
FNF:3
FNH:3
FNDA:6,findMissing
FNDA:19,(anonymous_1)
FNDA:19,(anonymous_2)
DA:2,19
DA:4,6
DA:6,19
DA:8,6
DA:20,1
LF:5
LH:5
BRF:0
BRH:0
end_of_record
TN:
SF:hello.js
FN:1,Hello
FNF:1
FNH:1
FNDA:7,Hello
DA:2,7
DA:3,1
DA:6,6
DA:7,4
DA:10,2
DA:12,1
LF:6
LH:6
BRDA:1,0,0,1
BRDA:2,1,0,1
BRDA:2,1,1,6
BRDA:6,2,0,4
BRDA:6,2,1,2
BRF:5
BRH:5
end_of_record
TN:
SF:smileys.js
FN:1,countSmileys
FN:2,(anonymous_1)
FNF:2
FNH:2
FNDA:9,countSmileys
FNDA:30,(anonymous_1)
DA:2,30
DA:4,1
LF:2
LH:2
BRF:0
BRH:0
end_of_record
TN:
SF:sum.js
FN:1,sum
FNF:1
FNH:1
FNDA:1,sum
DA:2,1
DA:4,1
LF:2
LH:2
BRF:0
BRH:0
end_of_record
